  Math Formula Visualizer.cpp
C:\Users\Roberta-Adm\Desktop\B4_Vizualizator de formule matematice_Buzenchi Paula-Roberta_Iacob David-Gabriel\Math Formula Visualizer\Math Formula Visualizer\Math Formula Visualizer.cpp(209,27): warning C4018: '<': signed/unsigned mismatch
C:\Users\Roberta-Adm\Desktop\B4_Vizualizator de formule matematice_Buzenchi Paula-Roberta_Iacob David-Gabriel\Math Formula Visualizer\Math Formula Visualizer\Math Formula Visualizer.cpp(254,27): warning C4018: '<': signed/unsigned mismatch
C:\Users\Roberta-Adm\Desktop\B4_Vizualizator de formule matematice_Buzenchi Paula-Roberta_Iacob David-Gabriel\Math Formula Visualizer\Math Formula Visualizer\Math Formula Visualizer.cpp(264,27): warning C4018: '<': signed/unsigned mismatch
C:\Users\Roberta-Adm\Desktop\B4_Vizualizator de formule matematice_Buzenchi Paula-Roberta_Iacob David-Gabriel\Math Formula Visualizer\Math Formula Visualizer\Math Formula Visualizer.cpp(312,27): warning C4018: '<': signed/unsigned mismatch
C:\Users\Roberta-Adm\Desktop\B4_Vizualizator de formule matematice_Buzenchi Paula-Roberta_Iacob David-Gabriel\Math Formula Visualizer\Math Formula Visualizer\Math Formula Visualizer.cpp(350,43): warning C4018: '>=': signed/unsigned mismatch
C:\Users\Roberta-Adm\Desktop\B4_Vizualizator de formule matematice_Buzenchi Paula-Roberta_Iacob David-Gabriel\Math Formula Visualizer\Math Formula Visualizer\Math Formula Visualizer.cpp(536,27): warning C4018: '<': signed/unsigned mismatch
C:\Users\Roberta-Adm\Desktop\B4_Vizualizator de formule matematice_Buzenchi Paula-Roberta_Iacob David-Gabriel\Math Formula Visualizer\Math Formula Visualizer\Math Formula Visualizer.cpp(581,27): warning C4018: '<': signed/unsigned mismatch
C:\Users\Roberta-Adm\Desktop\B4_Vizualizator de formule matematice_Buzenchi Paula-Roberta_Iacob David-Gabriel\Math Formula Visualizer\Math Formula Visualizer\Math Formula Visualizer.cpp(928,16): warning C4018: '<': signed/unsigned mismatch
C:\Users\Roberta-Adm\Desktop\B4_Vizualizator de formule matematice_Buzenchi Paula-Roberta_Iacob David-Gabriel\Math Formula Visualizer\Math Formula Visualizer\Math Formula Visualizer.cpp(931,13): warning C4018: '<': signed/unsigned mismatch
C:\Users\Roberta-Adm\Desktop\B4_Vizualizator de formule matematice_Buzenchi Paula-Roberta_Iacob David-Gabriel\Math Formula Visualizer\Math Formula Visualizer\Math Formula Visualizer.cpp(935,20): warning C4018: '<': signed/unsigned mismatch
C:\Users\Roberta-Adm\Desktop\B4_Vizualizator de formule matematice_Buzenchi Paula-Roberta_Iacob David-Gabriel\Math Formula Visualizer\Math Formula Visualizer\Math Formula Visualizer.cpp(1172,29): warning C4305: 'initializing': truncation from 'double' to 'float'
C:\Users\Roberta-Adm\Desktop\B4_Vizualizator de formule matematice_Buzenchi Paula-Roberta_Iacob David-Gabriel\Math Formula Visualizer\Math Formula Visualizer\Math Formula Visualizer.cpp(1173,18): warning C4244: '/=': conversion from 'float' to 'int', possible loss of data
C:\Users\Roberta-Adm\Desktop\B4_Vizualizator de formule matematice_Buzenchi Paula-Roberta_Iacob David-Gabriel\Math Formula Visualizer\Math Formula Visualizer\Math Formula Visualizer.cpp(1174,19): warning C4244: '*=': conversion from 'float' to 'int', possible loss of data
C:\Users\Roberta-Adm\Desktop\B4_Vizualizator de formule matematice_Buzenchi Paula-Roberta_Iacob David-Gabriel\Math Formula Visualizer\Math Formula Visualizer\Math Formula Visualizer.cpp(1195,29): warning C4305: 'initializing': truncation from 'double' to 'float'
C:\Users\Roberta-Adm\Desktop\B4_Vizualizator de formule matematice_Buzenchi Paula-Roberta_Iacob David-Gabriel\Math Formula Visualizer\Math Formula Visualizer\Math Formula Visualizer.cpp(1196,25): warning C4244: '*=': conversion from 'float' to 'int', possible loss of data
C:\Users\Roberta-Adm\Desktop\B4_Vizualizator de formule matematice_Buzenchi Paula-Roberta_Iacob David-Gabriel\Math Formula Visualizer\Math Formula Visualizer\Math Formula Visualizer.cpp(1225,20): warning C4244: 'initializing': conversion from 'double' to 'int', possible loss of data
C:\Users\Roberta-Adm\Desktop\B4_Vizualizator de formule matematice_Buzenchi Paula-Roberta_Iacob David-Gabriel\Math Formula Visualizer\Math Formula Visualizer\Math Formula Visualizer.cpp(1364,30): warning C4244: 'initializing': conversion from 'double' to 'int', possible loss of data
C:\Users\Roberta-Adm\Desktop\B4_Vizualizator de formule matematice_Buzenchi Paula-Roberta_Iacob David-Gabriel\Math Formula Visualizer\Math Formula Visualizer\Math Formula Visualizer.cpp(1365,29): warning C4244: 'initializing': conversion from 'double' to 'int', possible loss of data
C:\Users\Roberta-Adm\Desktop\B4_Vizualizator de formule matematice_Buzenchi Paula-Roberta_Iacob David-Gabriel\Math Formula Visualizer\Math Formula Visualizer\Math Formula Visualizer.cpp(1407,30): warning C4244: 'initializing': conversion from 'double' to 'int', possible loss of data
C:\Users\Roberta-Adm\Desktop\B4_Vizualizator de formule matematice_Buzenchi Paula-Roberta_Iacob David-Gabriel\Math Formula Visualizer\Math Formula Visualizer\Math Formula Visualizer.cpp(1408,29): warning C4244: 'initializing': conversion from 'double' to 'int', possible loss of data
C:\Users\Roberta-Adm\Desktop\B4_Vizualizator de formule matematice_Buzenchi Paula-Roberta_Iacob David-Gabriel\Math Formula Visualizer\Math Formula Visualizer\Math Formula Visualizer.cpp(1418,30): warning C4244: 'initializing': conversion from 'double' to 'int', possible loss of data
C:\Users\Roberta-Adm\Desktop\B4_Vizualizator de formule matematice_Buzenchi Paula-Roberta_Iacob David-Gabriel\Math Formula Visualizer\Math Formula Visualizer\Math Formula Visualizer.cpp(1419,29): warning C4244: 'initializing': conversion from 'double' to 'int', possible loss of data
C:\Users\Roberta-Adm\Desktop\B4_Vizualizator de formule matematice_Buzenchi Paula-Roberta_Iacob David-Gabriel\Math Formula Visualizer\Math Formula Visualizer\Math Formula Visualizer.cpp(1453,59): warning C4244: 'argument': conversion from 'double' to 'int', possible loss of data
C:\Users\Roberta-Adm\Desktop\B4_Vizualizator de formule matematice_Buzenchi Paula-Roberta_Iacob David-Gabriel\Math Formula Visualizer\Math Formula Visualizer\Math Formula Visualizer.cpp(1454,46): warning C4244: 'argument': conversion from 'double' to 'int', possible loss of data
C:\Users\Roberta-Adm\Desktop\B4_Vizualizator de formule matematice_Buzenchi Paula-Roberta_Iacob David-Gabriel\Math Formula Visualizer\Math Formula Visualizer\Math Formula Visualizer.cpp(1458,46): warning C4244: 'argument': conversion from 'double' to 'int', possible loss of data
C:\Users\Roberta-Adm\Desktop\B4_Vizualizator de formule matematice_Buzenchi Paula-Roberta_Iacob David-Gabriel\Math Formula Visualizer\Math Formula Visualizer\Math Formula Visualizer.cpp(1459,59): warning C4244: 'argument': conversion from 'double' to 'int', possible loss of data
C:\Users\Roberta-Adm\Desktop\B4_Vizualizator de formule matematice_Buzenchi Paula-Roberta_Iacob David-Gabriel\Math Formula Visualizer\Math Formula Visualizer\Math Formula Visualizer.cpp(1520,70): warning C4244: 'argument': conversion from 'double' to 'int', possible loss of data
C:\Users\Roberta-Adm\Desktop\B4_Vizualizator de formule matematice_Buzenchi Paula-Roberta_Iacob David-Gabriel\Math Formula Visualizer\Math Formula Visualizer\Math Formula Visualizer.cpp(1527,57): warning C4244: 'argument': conversion from 'double' to 'int', possible loss of data
C:\Users\Roberta-Adm\Desktop\B4_Vizualizator de formule matematice_Buzenchi Paula-Roberta_Iacob David-Gabriel\Math Formula Visualizer\Math Formula Visualizer\Math Formula Visualizer.cpp(1703,27): warning C4018: '<': signed/unsigned mismatch
C:\Users\Roberta-Adm\Desktop\B4_Vizualizator de formule matematice_Buzenchi Paula-Roberta_Iacob David-Gabriel\Math Formula Visualizer\Math Formula Visualizer\Math Formula Visualizer.cpp(1858,27): warning C4018: '<': signed/unsigned mismatch
C:\Users\Roberta-Adm\Desktop\B4_Vizualizator de formule matematice_Buzenchi Paula-Roberta_Iacob David-Gabriel\Math Formula Visualizer\Math Formula Visualizer\Math Formula Visualizer.cpp(1883,27): warning C4018: '<': signed/unsigned mismatch
C:\Users\Roberta-Adm\Desktop\B4_Vizualizator de formule matematice_Buzenchi Paula-Roberta_Iacob David-Gabriel\Math Formula Visualizer\Math Formula Visualizer\Math Formula Visualizer.cpp(2288,16): warning C4018: '<': signed/unsigned mismatch
C:\Users\Roberta-Adm\Desktop\B4_Vizualizator de formule matematice_Buzenchi Paula-Roberta_Iacob David-Gabriel\Math Formula Visualizer\Math Formula Visualizer\Math Formula Visualizer.cpp(2356,27): warning C4018: '<': signed/unsigned mismatch
C:\Users\Roberta-Adm\Desktop\B4_Vizualizator de formule matematice_Buzenchi Paula-Roberta_Iacob David-Gabriel\Math Formula Visualizer\Math Formula Visualizer\Math Formula Visualizer.cpp(2378,27): warning C4018: '<': signed/unsigned mismatch
C:\Users\Roberta-Adm\Desktop\B4_Vizualizator de formule matematice_Buzenchi Paula-Roberta_Iacob David-Gabriel\Math Formula Visualizer\Math Formula Visualizer\Math Formula Visualizer.cpp(2501,27): warning C4018: '<': signed/unsigned mismatch
  Math Formula Visualizer.vcxproj -> C:\Users\Roberta-Adm\Desktop\B4_Vizualizator de formule matematice_Buzenchi Paula-Roberta_Iacob David-Gabriel\Math Formula Visualizer\Debug\Math Formula Visualizer.exe
